<?xml version="1.0" encoding="utf-8"?><testsuites name="pytest tests"><testsuite name="pytest" errors="0" failures="0" skipped="0" tests="28" time="12.485" timestamp="2026-03-31T18:34:15.922484+00:00" hostname="agent-env-1f47c1be-4962-4c0c-b1af-035825660a8f"><testcase classname="tests.test_auth.TestAuthEndpoints" name="test_register_new_user" time="0.530" /><testcase classname="tests.test_auth.TestAuthEndpoints" name="test_register_duplicate_email" time="0.148" /><testcase classname="tests.test_auth.TestAuthEndpoints" name="test_login_success" time="0.339" /><testcase classname="tests.test_auth.TestAuthEndpoints" name="test_login_wrong_password" time="0.378" /><testcase classname="tests.test_auth.TestAuthEndpoints" name="test_login_nonexistent_user" time="0.165" /><testcase classname="tests.test_auth.TestAuthEndpoints" name="test_get_me_authenticated" time="0.440" /><testcase classname="tests.test_auth.TestAuthEndpoints" name="test_get_me_no_token" time="0.120" /><testcase classname="tests.test_auth.TestAuthEndpoints" name="test_refresh_token" time="0.413" /><testcase classname="tests.test_chat.TestChat" name="test_send_chat_message" time="1.770" /><testcase classname="tests.test_chat.TestChat" name="test_get_chat_history" time="1.314" /><testcase classname="tests.test_chat.TestChat" name="test_chat_without_auth" time="0.141" /><testcase classname="tests.test_dashboard.TestDashboard" name="test_get_dashboard" time="0.449" /><testcase classname="tests.test_dashboard.TestDashboard" name="test_log_water" time="0.571" /><testcase classname="tests.test_dashboard.TestDashboard" name="test_log_nutrition" time="0.547" /><testcase classname="tests.test_dashboard.TestDashboard" name="test_get_daily_water" time="0.402" /><testcase classname="tests.test_dashboard.TestDashboard" name="test_get_daily_nutrition" time="0.415" /><testcase classname="tests.test_diet_plans.TestDietPlans" name="test_get_all_diet_plans" time="0.160" /><testcase classname="tests.test_diet_plans.TestDietPlans" name="test_get_keto_plan_with_meals" time="0.161" /><testcase classname="tests.test_diet_plans.TestDietPlans" name="test_get_nonexistent_plan" time="0.118" /><testcase classname="tests.test_diet_plans.TestDietPlans" name="test_get_meals_by_plan" time="0.124" /><testcase classname="tests.test_feed.TestFeed" name="test_create_post" time="0.475" /><testcase classname="tests.test_feed.TestFeed" name="test_get_feed" time="0.390" /><testcase classname="tests.test_feed.TestFeed" name="test_like_post" time="0.495" /><testcase classname="tests.test_feed.TestFeed" name="test_add_comment" time="0.597" /><testcase classname="tests.test_feed.TestFeed" name="test_like_nonexistent_post" time="0.413" /><testcase classname="tests.test_profile.TestProfile" name="test_get_profile" time="0.409" /><testcase classname="tests.test_profile.TestProfile" name="test_update_profile" time="0.477" /><testcase classname="tests.test_profile.TestProfile" name="test_save_onboarding" time="0.431" /></testsuite></testsuites>